<?xml version="1.0" encoding="UTF-8"?>
<!-- Generated by org.testng.reporters.JUnitReportReporter -->
<testsuite hostname="DESKTOP-QK082SQ" failures="0" tests="1" name="testcases.IciciTestCase" time="14.878" errors="0" timestamp="2021-08-17T16:32:50 IST" skipped="0">
  <testcase classname="testcases.IciciTestCase" name="testCase" time="14.878"/>
</testsuite> <!-- testcases.IciciTestCase -->
