<?xml version="1.0" encoding="UTF-8"?>
<!-- Generated by org.testng.reporters.JUnitReportReporter -->
<testsuite hostname="DESKTOP-QK082SQ" failures="0" tests="2" name="testcases.AxisTestCase1" time="36.264" errors="0" timestamp="2020-10-09T23:05:33 IST" skipped="0">
  <testcase classname="testcases.AxisTestCase1" name="test" time="15.378"/>
  <testcase classname="testcases.AxisTestCase1" name="test" time="20.886"/>
</testsuite> <!-- testcases.AxisTestCase1 -->
