<?xml version="1.0" encoding="UTF-8"?>
<!-- Generated by org.testng.reporters.JUnitReportReporter -->
<testsuite hostname="DESKTOP-QK082SQ" failures="0" tests="1" name="testcases.IciciTestCase" time="16.289" errors="0" timestamp="2021-08-17T16:34:16 IST" skipped="0">
  <testcase classname="testcases.IciciTestCase" name="testCase" time="16.289"/>
</testsuite> <!-- testcases.IciciTestCase -->
